15:48:39:549  INFO 18820 --- [main] com.hmall.HMallApplication               : Starting HMallApplication using Java 11.0.17 on LAPTOP-RAFDE0FI with PID 18820 (D:\BaiduNetdiskDownload\springcloud\day02-Docker\资料\hmall\hm-service\target\classes started by Smiling in D:\BaiduNetdiskDownload\springcloud\day02-Docker\资料\hmall)
15:48:39:551 DEBUG 18820 --- [main] com.hmall.HMallApplication               : Running with Spring Boot v2.7.12, Spring v5.3.27
15:48:39:552  INFO 18820 --- [main] com.hmall.HMallApplication               : The following 1 profile is active: "dev"
15:48:40:320  INFO 18820 --- [main] .s.d.r.c.RepositoryConfigurationDelegate : Multiple Spring Data modules found, entering strict repository configuration mode
15:48:40:323  INFO 18820 --- [main] .s.d.r.c.RepositoryConfigurationDelegate : Bootstrapping Spring Data Redis repositories in DEFAULT mode.
15:48:40:353  INFO 18820 --- [main] .s.d.r.c.RepositoryConfigurationDelegate : Finished Spring Data repository scanning in 14 ms. Found 0 Redis repository interfaces.
15:48:40:832  INFO 18820 --- [main] o.s.b.w.embedded.tomcat.TomcatWebServer  : Tomcat initialized with port(s): 8080 (http)
15:48:40:841  INFO 18820 --- [main] o.apache.catalina.core.StandardService   : Starting service [Tomcat]
15:48:40:849  INFO 18820 --- [main] org.apache.catalina.core.StandardEngine  : Starting Servlet engine: [Apache Tomcat/9.0.75]
15:48:40:972  INFO 18820 --- [main] o.a.c.c.C.[Tomcat].[localhost].[/]       : Initializing Spring embedded WebApplicationContext
15:48:40:972  INFO 18820 --- [main] w.s.c.ServletWebServerApplicationContext : Root WebApplicationContext: initialization completed in 1378 ms
15:48:42:868  INFO 18820 --- [main] pertySourcedRequestMappingHandlerMapping : Mapped URL path [/v2/api-docs] onto method [springfox.documentation.swagger2.web.Swagger2ControllerWebMvc#getDocumentation(String, HttpServletRequest)]
15:48:43:193  INFO 18820 --- [main] o.s.b.w.embedded.tomcat.TomcatWebServer  : Tomcat started on port(s): 8080 (http) with context path ''
15:48:43:194  INFO 18820 --- [main] d.s.w.p.DocumentationPluginsBootstrapper : Documentation plugins bootstrapped
15:48:43:196  INFO 18820 --- [main] d.s.w.p.DocumentationPluginsBootstrapper : Found 1 custom documentation plugin(s)
15:48:43:221  INFO 18820 --- [main] s.d.s.w.s.ApiListingReferenceScanner     : Scanning for api listing references
15:48:43:361  INFO 18820 --- [main] com.hmall.HMallApplication               : Started HMallApplication in 4.316 seconds (JVM running for 5.441)
16:16:45:350  INFO 2132 --- [main] com.hmall.HMallApplication               : Starting HMallApplication using Java 11.0.17 on LAPTOP-RAFDE0FI with PID 2132 (D:\BaiduNetdiskDownload\springcloud\day02-Docker\资料\hmall\hm-service\target\classes started by Smiling in D:\BaiduNetdiskDownload\springcloud\day02-Docker\资料\hmall)
16:16:45:353 DEBUG 2132 --- [main] com.hmall.HMallApplication               : Running with Spring Boot v2.7.12, Spring v5.3.27
16:16:45:354  INFO 2132 --- [main] com.hmall.HMallApplication               : The following 1 profile is active: "dev"
16:16:45:997  INFO 2132 --- [main] .s.d.r.c.RepositoryConfigurationDelegate : Multiple Spring Data modules found, entering strict repository configuration mode
16:16:45:999  INFO 2132 --- [main] .s.d.r.c.RepositoryConfigurationDelegate : Bootstrapping Spring Data Redis repositories in DEFAULT mode.
16:16:46:026  INFO 2132 --- [main] .s.d.r.c.RepositoryConfigurationDelegate : Finished Spring Data repository scanning in 14 ms. Found 0 Redis repository interfaces.
16:16:46:413  INFO 2132 --- [main] o.s.b.w.embedded.tomcat.TomcatWebServer  : Tomcat initialized with port(s): 8080 (http)
16:16:46:420  INFO 2132 --- [main] o.apache.catalina.core.StandardService   : Starting service [Tomcat]
16:16:46:420  INFO 2132 --- [main] org.apache.catalina.core.StandardEngine  : Starting Servlet engine: [Apache Tomcat/9.0.75]
16:16:46:515  INFO 2132 --- [main] o.a.c.c.C.[Tomcat].[localhost].[/]       : Initializing Spring embedded WebApplicationContext
16:16:46:515  INFO 2132 --- [main] w.s.c.ServletWebServerApplicationContext : Root WebApplicationContext: initialization completed in 1119 ms
16:16:47:951  INFO 2132 --- [main] pertySourcedRequestMappingHandlerMapping : Mapped URL path [/v2/api-docs] onto method [springfox.documentation.swagger2.web.Swagger2ControllerWebMvc#getDocumentation(String, HttpServletRequest)]
16:16:48:217  INFO 2132 --- [main] o.s.b.w.embedded.tomcat.TomcatWebServer  : Tomcat started on port(s): 8080 (http) with context path ''
16:16:48:218  INFO 2132 --- [main] d.s.w.p.DocumentationPluginsBootstrapper : Documentation plugins bootstrapped
16:16:48:220  INFO 2132 --- [main] d.s.w.p.DocumentationPluginsBootstrapper : Found 1 custom documentation plugin(s)
16:16:48:244  INFO 2132 --- [main] s.d.s.w.s.ApiListingReferenceScanner     : Scanning for api listing references
16:16:48:376  INFO 2132 --- [main] com.hmall.HMallApplication               : Started HMallApplication in 3.356 seconds (JVM running for 4.241)
